<?xml version="1.0" encoding="UTF-8"?>
<!-- Generated by org.testng.reporters.JUnitReportReporter -->
<testsuite hostname="DESKTOP-2RI24S7" failures="0" tests="1" name="cucumber.options.testRunner" time="46.481" errors="0" timestamp="2024-06-27T11:46:42 IST" skipped="0">
  <testcase classname="cucumber.options.testRunner" name="runScenario" time="46.481"/>
</testsuite> <!-- cucumber.options.testRunner -->
